2024-01-02-16:47:21 INFO  BaseTest : configuration : Report configuration started
2024-01-02-16:47:21 INFO  BaseTest : configuration : Report configuration finished
2024-01-02-16:47:27 INFO  BaseTest : getBrowserType : Chrome Browser configured
2024-01-02-16:47:28 INFO  LoginPage : enterUsername : started
2024-01-02-16:47:39 INFO  LoginPage : enterPassword : started
2024-01-02-16:47:39 ERROR LoginPage : checkbox: select checkbox
2024-01-02-16:47:39 ERROR LoginPage : loginButton : loginButton click
2024-01-02-16:48:12 INFO  BaseTest : getBrowserType : Chrome Browser configured
2024-01-02-16:48:24 INFO  ForgotPasswordPage : username : started
2024-01-02-16:48:24 INFO  ForgotPasswordPage : continueButton: started
2024-01-02-16:48:30 INFO  BaseTest : getBrowserType : Chrome Browser configured
2024-01-02-16:48:31 INFO  LoginPage : enterUsername : started
2024-01-02-16:48:42 ERROR LoginPage : loginButton : loginButton click
2024-01-02-16:48:48 INFO  BaseTest : getBrowserType : Chrome Browser configured
2024-01-02-16:48:49 INFO  LoginPage : enterUsername : started
2024-01-02-16:48:59 INFO  LoginPage : enterPassword : started
2024-01-02-16:49:03 ERROR LoginPage : loginButton : loginButton click
2024-01-02-16:49:17 ERROR LoginPage : error message : login error text
2024-01-02-16:49:26 INFO  BaseTest : getBrowserType : Chrome Browser configured
2024-01-02-16:49:39 ERROR LoginPage : loginButton : loginButton click
2024-01-02-16:49:49 INFO  BaseTest : tearDown : After suite finished
2024-01-02-16:52:35 INFO  BaseTest : configuration : Report configuration started
2024-01-02-16:52:35 INFO  BaseTest : configuration : Report configuration finished
2024-01-02-16:52:40 INFO  BaseTest : getBrowserType : Chrome Browser configured
2024-01-02-16:53:03 INFO  UsermenuPage : verify developerConsole : started
2024-01-02-16:53:26 INFO  BaseTest : getBrowserType : Chrome Browser configured
2024-01-02-16:53:49 INFO  UsermenuPage : verify logout : started
2024-01-02-16:53:54 INFO  BaseTest : getBrowserType : Chrome Browser configured
2024-01-02-16:55:00 INFO  UsermenuPage : verify editContactIframe : started
2024-01-02-16:55:02 INFO  UsermenuPage : verify lastname change : started
2024-01-02-16:55:05 INFO  UsermenuPage : verify createPost : started
2024-01-02-16:55:11 INFO  BaseTest : getBrowserType : Chrome Browser configured
2024-01-02-16:56:14 INFO  UsermenuPage : verify login history : started
2024-01-02-16:56:16 INFO  UsermenuPage : verify display and layout : started
2024-01-02-16:57:06 INFO  BaseTest : getBrowserType : Chrome Browser configured
2024-01-02-16:57:28 INFO  BaseTest : tearDown : After suite finished
2024-01-02-17:04:08 INFO  BaseTest : configuration : Report configuration started
2024-01-02-17:04:08 INFO  BaseTest : configuration : Report configuration finished
2024-01-02-17:04:13 INFO  BaseTest : getBrowserType : Chrome Browser configured
2024-01-02-17:05:18 INFO  UsermenuPage : verify editContactIframe : started
2024-01-02-17:05:19 INFO  UsermenuPage : verify lastname change : started
2024-01-02-17:05:22 INFO  UsermenuPage : verify createPost : started
2024-01-02-17:05:24 INFO  BaseTest : tearDown : After suite finished
2024-01-02-17:06:31 INFO  BaseTest : configuration : Report configuration started
2024-01-02-17:06:31 INFO  BaseTest : configuration : Report configuration finished
2024-01-02-17:06:36 INFO  BaseTest : getBrowserType : Chrome Browser configured
2024-01-02-17:07:45 INFO  UsermenuPage : verify editContactIframe : started
2024-01-02-17:07:47 INFO  UsermenuPage : verify lastname change : started
2024-01-02-17:07:50 INFO  UsermenuPage : verify createPost : started
2024-01-02-17:07:54 INFO  UsermenuPage : verify fileUpload : started
2024-01-02-17:08:03 INFO  UsermenuPage : verify PhotoUpload: started
2024-01-02-17:08:18 INFO  BaseTest : tearDown : After suite finished
2024-01-02-17:11:16 INFO  BaseTest : configuration : Report configuration started
2024-01-02-17:11:16 INFO  BaseTest : configuration : Report configuration finished
2024-01-02-17:11:20 INFO  BaseTest : getBrowserType : Chrome Browser configured
2024-01-02-17:11:44 INFO  createAccountsPage: verify createAccountReport : started
2024-01-02-17:16:06 INFO  BaseTest : configuration : Report configuration started
2024-01-02-17:16:06 INFO  BaseTest : configuration : Report configuration finished
2024-01-02-17:16:11 INFO  BaseTest : getBrowserType : Chrome Browser configured
2024-01-02-17:16:33 INFO  createAccountsPage: verify createAccountReport : started
2024-01-02-17:16:54 INFO  BaseTest : getBrowserType : Chrome Browser configured
2024-01-02-17:17:16 INFO  createAccountsPage: verify accountPage : started
2024-01-02-17:25:23 INFO  BaseTest : configuration : Report configuration started
2024-01-02-17:25:23 INFO  BaseTest : configuration : Report configuration finished
2024-01-02-17:25:28 INFO  BaseTest : getBrowserType : Chrome Browser configured
2024-01-02-17:25:49 INFO  createAccountsPage: verify accountPage : started
2024-01-02-17:30:31 INFO  BaseTest : configuration : Report configuration started
2024-01-02-17:30:31 INFO  BaseTest : configuration : Report configuration finished
2024-01-02-17:30:36 INFO  BaseTest : getBrowserType : Chrome Browser configured
2024-01-02-17:30:57 INFO  createAccountsPage: verify accountPage : started
2024-01-02-17:40:15 INFO  BaseTest : configuration : Report configuration started
2024-01-02-17:40:15 INFO  BaseTest : configuration : Report configuration finished
2024-01-02-17:40:20 INFO  BaseTest : getBrowserType : Chrome Browser configured
2024-01-02-17:40:42 INFO  createAccountsPage: verify accountPage : started
2024-01-02-17:44:09 INFO  BaseTest : configuration : Report configuration started
2024-01-02-17:44:09 INFO  BaseTest : configuration : Report configuration finished
2024-01-02-17:44:14 INFO  BaseTest : getBrowserType : Chrome Browser configured
2024-01-02-17:44:37 INFO  createAccountsPage: verify accountPage : started
2024-01-02-17:44:40 INFO  BaseTest : tearDown : After suite finished
2024-01-02-17:49:30 INFO  BaseTest : configuration : Report configuration started
2024-01-02-17:49:30 INFO  BaseTest : configuration : Report configuration finished
2024-01-02-17:49:35 INFO  BaseTest : getBrowserType : Chrome Browser configured
2024-01-02-17:49:58 INFO  createAccountsPage: verify accountPage : started
2024-01-02-17:50:04 INFO  BaseTest : tearDown : After suite finished
2024-01-02-17:53:55 INFO  BaseTest : configuration : Report configuration started
2024-01-02-17:53:55 INFO  BaseTest : configuration : Report configuration finished
2024-01-02-17:54:00 INFO  BaseTest : getBrowserType : Chrome Browser configured
2024-01-02-17:54:23 INFO  createAccountsPage: verify accountPage : started
2024-01-02-17:54:36 INFO  BaseTest : getBrowserType : Chrome Browser configured
2024-01-02-17:54:59 INFO  createAccountsPage: verify createViewPage : started
2024-01-02-17:55:10 INFO  BaseTest : getBrowserType : Chrome Browser configured
2024-01-02-17:55:31 INFO  createAccountsPage: verify editViewPage : started
2024-01-02-17:55:47 INFO  BaseTest : getBrowserType : Chrome Browser configured
2024-01-02-17:56:10 INFO  createAccountsPage: verify mergeaccountPage : started
2024-01-02-17:56:29 INFO  BaseTest : getBrowserType : Chrome Browser configured
2024-01-02-17:56:52 INFO  createAccountsPage: verify createAccountReport : started
2024-01-02-17:57:07 INFO  BaseTest : tearDown : After suite finished
2024-01-02-17:59:29 INFO  BaseTest : configuration : Report configuration started
2024-01-02-17:59:29 INFO  BaseTest : configuration : Report configuration finished
2024-01-02-17:59:34 INFO  BaseTest : getBrowserType : Chrome Browser configured
2024-01-02-18:00:02 INFO  BaseTest : getBrowserType : Chrome Browser configured
2024-01-02-18:00:41 INFO  BaseTest : getBrowserType : Chrome Browser configured
2024-01-02-18:01:11 INFO  BaseTest : getBrowserType : Chrome Browser configured
2024-01-02-18:01:43 INFO  BaseTest : getBrowserType : Chrome Browser configured
2024-01-02-18:02:07 INFO  BaseTest : tearDown : After suite finished
2024-01-02-18:06:03 INFO  BaseTest : configuration : Report configuration started
2024-01-02-18:06:03 INFO  BaseTest : configuration : Report configuration finished
2024-01-02-18:06:08 INFO  BaseTest : getBrowserType : Chrome Browser configured
2024-01-02-18:06:36 INFO  BaseTest : getBrowserType : Chrome Browser configured
2024-01-02-18:07:11 INFO  BaseTest : getBrowserType : Chrome Browser configured
2024-01-02-18:07:41 INFO  BaseTest : getBrowserType : Chrome Browser configured
2024-01-02-18:08:14 INFO  BaseTest : getBrowserType : Chrome Browser configured
2024-01-02-18:08:38 INFO  BaseTest : tearDown : After suite finished
2024-01-02-20:59:24 INFO  BaseTest : configuration : Report configuration started
2024-01-02-20:59:24 INFO  BaseTest : configuration : Report configuration finished
2024-01-02-20:59:29 INFO  BaseTest : getBrowserType : Chrome Browser configured
2024-01-02-21:00:01 INFO  BaseTest : getBrowserType : Chrome Browser configured
2024-01-02-21:00:38 INFO  BaseTest : getBrowserType : Chrome Browser configured
2024-01-02-21:01:10 INFO  BaseTest : getBrowserType : Chrome Browser configured
2024-01-02-21:01:39 INFO  BaseTest : getBrowserType : Chrome Browser configured
2024-01-02-21:02:07 INFO  BaseTest : tearDown : After suite finished
2024-01-02-21:05:19 INFO  BaseTest : configuration : Report configuration started
2024-01-02-21:05:19 INFO  BaseTest : configuration : Report configuration finished
2024-01-02-21:05:24 INFO  BaseTest : getBrowserType : Chrome Browser configured
2024-01-02-21:05:49 INFO  BaseTest : tearDown : After suite finished
2024-01-02-21:10:53 INFO  BaseTest : configuration : Report configuration started
2024-01-02-21:10:53 INFO  BaseTest : configuration : Report configuration finished
2024-01-02-21:10:58 INFO  BaseTest : getBrowserType : Chrome Browser configured
2024-01-02-21:11:49 INFO  BaseTest : tearDown : After suite finished
2024-01-02-21:13:48 INFO  BaseTest : configuration : Report configuration started
2024-01-02-21:13:48 INFO  BaseTest : configuration : Report configuration finished
2024-01-02-21:13:53 INFO  BaseTest : getBrowserType : Chrome Browser configured
2024-01-02-21:14:20 INFO  BaseTest : tearDown : After suite finished
2024-01-02-21:15:45 INFO  BaseTest : configuration : Report configuration started
2024-01-02-21:15:45 INFO  BaseTest : configuration : Report configuration finished
2024-01-02-21:15:50 INFO  BaseTest : getBrowserType : Chrome Browser configured
2024-01-02-21:16:13 INFO  contactPage : verify errorMessage : started
2024-01-02-21:16:22 INFO  BaseTest : getBrowserType : Chrome Browser configured
2024-01-02-21:16:43 INFO  contactPage : myContactView : started
2024-01-02-21:16:53 INFO  BaseTest : getBrowserType : Chrome Browser configured
2024-01-02-21:17:15 INFO  contactPage : recently created contactView: started
2024-01-02-21:17:23 INFO  BaseTest : getBrowserType : Chrome Browser configured
2024-01-02-21:17:44 INFO  contactPage : verify save and New button : started
2024-01-02-21:17:54 INFO  BaseTest : getBrowserType : Chrome Browser configured
2024-01-02-21:18:15 INFO  contactPage : verify cancel button  : started
2024-01-02-21:18:24 INFO  BaseTest : getBrowserType : Chrome Browser configured
2024-01-02-21:18:44 INFO  contactPage : create new contact : started
2024-01-02-21:18:55 INFO  BaseTest : getBrowserType : Chrome Browser configured
2024-01-02-21:19:17 INFO  contactPage : create newView : started
2024-01-02-21:19:28 INFO  BaseTest : getBrowserType : Chrome Browser configured
2024-01-02-21:19:49 INFO  contactPage : verify viewAccount : started
2024-01-02-21:19:55 INFO  BaseTest : tearDown : After suite finished
2024-01-02-21:23:37 INFO  BaseTest : configuration : Report configuration started
2024-01-02-21:23:37 INFO  BaseTest : configuration : Report configuration finished
2024-01-02-21:23:41 INFO  BaseTest : getBrowserType : Chrome Browser configured
2024-01-02-21:24:23 INFO  BaseTest : getBrowserType : Chrome Browser configured
2024-01-02-21:25:06 INFO  BaseTest : getBrowserType : Chrome Browser configured
2024-01-02-21:25:46 INFO  BaseTest : getBrowserType : Chrome Browser configured
2024-01-02-21:26:11 INFO  BaseTest : tearDown : After suite finished
2024-01-02-21:34:19 INFO  BaseTest : configuration : Report configuration started
2024-01-02-21:34:19 INFO  BaseTest : configuration : Report configuration finished
2024-01-02-21:34:24 INFO  BaseTest : getBrowserType : Chrome Browser configured
2024-01-02-21:34:53 INFO  BaseTest : tearDown : After suite finished
2024-01-02-21:35:29 INFO  BaseTest : configuration : Report configuration started
2024-01-02-21:35:29 INFO  BaseTest : configuration : Report configuration finished
2024-01-02-21:35:34 INFO  BaseTest : getBrowserType : Chrome Browser configured
2024-01-02-21:36:26 INFO  BaseTest : tearDown : After suite finished
2024-01-02-21:45:07 INFO  BaseTest : configuration : Report configuration started
2024-01-02-21:45:07 INFO  BaseTest : configuration : Report configuration finished
2024-01-02-21:45:12 INFO  BaseTest : getBrowserType : Chrome Browser configured
2024-01-02-21:45:48 INFO  BaseTest : tearDown : After suite finished
2024-01-02-22:06:33 INFO  BaseTest : configuration : Report configuration started
2024-01-02-22:06:33 INFO  BaseTest : configuration : Report configuration finished
2024-01-02-22:06:38 INFO  BaseTest : getBrowserType : Chrome Browser configured
2024-01-02-22:07:11 INFO  BaseTest : tearDown : After suite finished
2024-01-02-22:11:25 INFO  BaseTest : configuration : Report configuration started
2024-01-02-22:11:25 INFO  BaseTest : configuration : Report configuration finished
2024-01-02-22:11:31 INFO  BaseTest : getBrowserType : Chrome Browser configured
2024-01-02-22:12:10 INFO  BaseTest : tearDown : After suite finished
2024-01-02-22:27:25 INFO  BaseTest : configuration : Report configuration started
2024-01-02-22:27:25 INFO  BaseTest : configuration : Report configuration finished
2024-01-02-22:27:30 INFO  BaseTest : getBrowserType : Chrome Browser configured
2024-01-02-22:35:54 INFO  BaseTest : configuration : Report configuration started
2024-01-02-22:35:54 INFO  BaseTest : configuration : Report configuration finished
2024-01-02-22:35:59 INFO  BaseTest : getBrowserType : Chrome Browser configured
2024-01-02-22:36:33 INFO  BaseTest : tearDown : After suite finished
2024-01-02-22:45:53 INFO  BaseTest : configuration : Report configuration started
2024-01-02-22:45:53 INFO  BaseTest : configuration : Report configuration finished
2024-01-02-22:45:58 INFO  BaseTest : getBrowserType : Chrome Browser configured
2024-01-02-22:46:33 INFO  BaseTest : tearDown : After suite finished
2024-01-02-22:55:30 INFO  BaseTest : configuration : Report configuration started
2024-01-02-22:55:30 INFO  BaseTest : configuration : Report configuration finished
2024-01-02-22:55:35 INFO  BaseTest : getBrowserType : Chrome Browser configured
2024-01-02-22:56:09 INFO  BaseTest : tearDown : After suite finished
2024-01-03-21:04:37 INFO  BaseTest : configuration : Report configuration started
2024-01-03-21:04:37 INFO  BaseTest : configuration : Report configuration finished
2024-01-03-21:04:42 INFO  BaseTest : getBrowserType : Chrome Browser configured
2024-01-03-21:04:43 INFO  LoginPage : enterUsername : started
2024-01-03-21:04:54 INFO  LoginPage : enterPassword : started
2024-01-03-21:04:55 ERROR LoginPage : checkbox: select checkbox
2024-01-03-21:04:55 ERROR LoginPage : loginButton : loginButton click
2024-01-03-21:05:26 INFO  BaseTest : getBrowserType : Chrome Browser configured
2024-01-03-21:05:38 INFO  ForgotPasswordPage : username : started
2024-01-03-21:05:39 INFO  ForgotPasswordPage : continueButton: started
2024-01-03-21:05:44 INFO  BaseTest : getBrowserType : Chrome Browser configured
2024-01-03-21:05:45 INFO  LoginPage : enterUsername : started
2024-01-03-21:05:58 ERROR LoginPage : loginButton : loginButton click
2024-01-03-21:06:04 INFO  BaseTest : getBrowserType : Chrome Browser configured
2024-01-03-21:06:05 INFO  LoginPage : enterUsername : started
2024-01-03-21:06:16 INFO  LoginPage : enterPassword : started
2024-01-03-21:06:20 ERROR LoginPage : loginButton : loginButton click
2024-01-03-21:06:33 ERROR LoginPage : error message : login error text
2024-01-03-21:06:41 INFO  BaseTest : getBrowserType : Chrome Browser configured
2024-01-03-21:06:54 ERROR LoginPage : loginButton : loginButton click
2024-01-03-21:07:01 INFO  BaseTest : tearDown : After suite finished
2024-01-04-14:29:11 INFO  BaseTest : configuration : Report configuration started
2024-01-04-14:29:11 INFO  BaseTest : configuration : Report configuration finished
2024-01-04-14:29:16 INFO  BaseTest : getBrowserType : Chrome Browser configured
2024-01-04-14:29:17 INFO  LoginPage : enterUsername : started
2024-01-04-14:29:28 INFO  LoginPage : enterPassword : started
2024-01-04-14:29:28 ERROR LoginPage : checkbox: select checkbox
2024-01-04-14:29:29 ERROR LoginPage : loginButton : loginButton click
2024-01-04-14:29:54 INFO  BaseTest : tearDown : After suite finished
2024-01-04-14:33:52 INFO  BaseTest : configuration : Report configuration started
2024-01-04-14:33:52 INFO  BaseTest : configuration : Report configuration finished
2024-01-04-14:33:58 INFO  BaseTest : getBrowserType : Chrome Browser configured
2024-01-04-14:35:00 INFO  UsermenuPage : verify login history : started
2024-01-04-14:35:02 INFO  UsermenuPage : verify display and layout : started
2024-01-04-14:35:05 INFO  BaseTest : tearDown : After suite finished
2024-01-04-14:36:37 INFO  BaseTest : configuration : Report configuration started
2024-01-04-14:36:37 INFO  BaseTest : configuration : Report configuration finished
2024-01-04-14:36:42 INFO  BaseTest : getBrowserType : Chrome Browser configured
2024-01-04-14:37:45 INFO  UsermenuPage : verify login history : started
2024-01-04-14:37:47 INFO  UsermenuPage : verify display and layout : started
2024-01-04-14:37:50 INFO  BaseTest : tearDown : After suite finished
2024-01-04-14:59:56 INFO  BaseTest : configuration : Report configuration started
2024-01-04-14:59:56 INFO  BaseTest : configuration : Report configuration finished
2024-01-04-15:00:01 INFO  BaseTest : getBrowserType : Chrome Browser configured
2024-01-04-15:01:05 INFO  UsermenuPage : verify login history : started
2024-01-04-15:01:07 INFO  UsermenuPage : verify display and layout : started
2024-01-04-15:01:10 INFO  BaseTest : tearDown : After suite finished
2024-01-04-15:02:38 INFO  BaseTest : configuration : Report configuration started
2024-01-04-15:02:38 INFO  BaseTest : configuration : Report configuration finished
2024-01-04-15:02:43 INFO  BaseTest : getBrowserType : Chrome Browser configured
2024-01-04-15:03:46 INFO  UsermenuPage : verify login history : started
2024-01-04-15:03:48 INFO  UsermenuPage : verify display and layout : started
2024-01-04-15:03:50 INFO  BaseTest : tearDown : After suite finished
2024-01-04-15:05:15 INFO  BaseTest : configuration : Report configuration started
2024-01-04-15:05:15 INFO  BaseTest : configuration : Report configuration finished
2024-01-04-15:05:20 INFO  BaseTest : getBrowserType : Chrome Browser configured
2024-01-04-15:06:22 INFO  UsermenuPage : verify login history : started
2024-01-04-15:06:24 INFO  UsermenuPage : verify display and layout : started
2024-01-04-15:07:09 INFO  BaseTest : tearDown : After suite finished
2024-01-04-15:09:25 INFO  BaseTest : configuration : Report configuration started
2024-01-04-15:09:25 INFO  BaseTest : configuration : Report configuration finished
2024-01-04-15:09:30 INFO  BaseTest : getBrowserType : Chrome Browser configured
2024-01-04-15:10:34 INFO  UsermenuPage : verify login history : started
2024-01-04-15:10:35 INFO  UsermenuPage : verify display and layout : started
2024-01-04-15:10:39 INFO  BaseTest : tearDown : After suite finished
2024-01-04-15:23:01 INFO  BaseTest : configuration : Report configuration started
2024-01-04-15:23:01 INFO  BaseTest : configuration : Report configuration finished
2024-01-04-15:23:06 INFO  BaseTest : getBrowserType : Chrome Browser configured
2024-01-04-15:24:09 INFO  UsermenuPage : verify login history : started
2024-01-04-15:24:11 INFO  UsermenuPage : verify display and layout : started
2024-01-04-15:24:56 INFO  BaseTest : tearDown : After suite finished
2024-01-04-23:21:26 INFO  BaseTest : configuration : Report configuration started
2024-01-04-23:21:26 INFO  BaseTest : configuration : Report configuration finished
2024-01-04-23:21:28 INFO  BaseTest : getBrowserType : Chrome Browser configured
2024-01-04-23:21:28 INFO  BaseTest : getBrowserType : Chrome Browser configured
2024-01-04-23:21:28 INFO  BaseTest : getBrowserType : Chrome Browser configured
2024-01-04-23:21:28 INFO  BaseTest : precondition : 
2024-01-04-23:21:28 INFO  BaseTest : precondition : 
2024-01-04-23:21:28 INFO  BaseTest : precondition : 
2024-01-04-23:23:02 INFO  UsermenuPage : verify login history : started
2024-01-04-23:23:05 INFO  UsermenuPage : verify display and layout : started
2024-01-04-23:23:06 INFO  UsermenuPage : verify editContactIframe : started
2024-01-04-23:23:07 INFO  UsermenuPage : verify lastname change : started
2024-01-04-23:23:12 INFO  UsermenuPage : verify createPost : started
2024-01-04-23:23:16 INFO  UsermenuPage : verify fileUpload : started
2024-01-04-23:23:28 INFO  UsermenuPage : verify PhotoUpload: started
2024-01-04-23:23:43 INFO  BaseTest : tearDown : After suite finished
